GROUP,PACKAGE,CLASS,INSTRUCTION_MISSED,INSTRUCTION_COVERED,BRANCH_MISSED,BRANCH_COVERED,LINE_MISSED,LINE_COVERED,COMPLEXITY_MISSED,COMPLEXITY_COVERED,METHOD_MISSED,METHOD_COVERED
httpbucket,com.testainers,DelayResource,0,99,0,6,0,17,0,13,0,10
httpbucket,com.testainers,MethodsResource,0,75,0,0,0,9,0,9,0,9
httpbucket,com.testainers,RedirectResource,0,149,0,12,0,38,0,14,0,8
httpbucket,com.testainers,StatusResource,0,118,0,10,0,19,0,15,0,10
httpbucket,com.testainers,ResponseBody,0,102,0,0,0,15,0,10,0,10
httpbucket,com.testainers,BasicAuthResource,0,212,1,7,0,31,1,13,0,10
httpbucket,com.testainers,LengthResource,0,85,0,6,0,19,0,10,0,7
